<<<<<<< Updated upstream
.\external\script\start.lua:1401: .\external\mods\trials\trials.lua:1113: attempt to index a non-table object(nil) with key 'ishelper'
stack traceback:
	.\external\mods\trials\trials.lua:1113: in function 'f_trialsChecker'
	.\external\mods\trials\trials.lua:1319: in function 'k'
	external/script/main.lua:433: in function 'run'
	.\external\script\global.lua:250: in function 'loop'
	<string>:1: in function <<string>:0>
	[G]: in function 'game'
	.\external\script\start.lua:1401: in function 'f_game'
	.\external\script\start.lua:1834: in function 'launchFight'
	external/script/default.lua:2: in function <external/script/default.lua:0>
	.\external\script\start.lua:1455: in function 'f'
	external/script/main.lua:3105: in function 'loop'
	external/script/main.lua:4156: in main chunk
	[G]: ?
=======
external/script/main.lua:4034: <game end>
>>>>>>> Stashed changes
stack traceback:
	[G]: in function 'refresh'
	external/script/main.lua:4034: in function 'f_menuCommonDraw'
	external/script/main.lua:3101: in function 'loop'
	external/script/main.lua:4156: in main chunk
	[G]: ?
